<?xml version="1.0" ?><testsuite name="myorg.mytest.SkippedJUnit5Tests" time="0.001" timestamp="2020-09-09T20:10:18" tests="0" failures="0" skipped="1" aborted="0"><properties><property name="line.separator" value="
"></property></properties></testsuite>